# JRE version: OpenJDK Runtime Environment (8.0_242-b01) (build 1.8.0_242-release-1644-b01)
# Java VM: OpenJDK 64-Bit Server VM (25.242-b01 mixed mode windows-amd64 compressed oops)
Heap:
 PSYoungGen      total 505856K, used 210126K [0x00000000d5580000, 0x00000000f8400000, 0x0000000100000000)
  eden space 456704K, 42% used [0x00000000d5580000,0x00000000e1449648,0x00000000f1380000)
  from space 49152K, 30% used [0x00000000f4200000,0x00000000f506a1c8,0x00000000f7200000)
  to   space 47616K, 0% used [0x00000000f1380000,0x00000000f1380000,0x00000000f4200000)
 ParOldGen       total 282112K, used 82494K [0x0000000080000000, 0x0000000091380000, 0x00000000d5580000)
  object space 282112K, 29% used [0x0000000080000000,0x000000008508fb58,0x0000000091380000)
 Metaspace       used 93771K, capacity 98908K, committed 99112K, reserved 1134592K
  class space    used 12219K, capacity 13170K, committed 13232K, reserved 1048576K
GC Heap History (10 events):
Event: 326.078 GC heap before
{Heap before GC invocations=18 (full 3):
 PSYoungGen      total 479232K, used 460668K [0x00000000d5580000, 0x00000000f6c00000, 0x0000000100000000)
  eden space 435712K, 100% used [0x00000000d5580000,0x00000000eff00000,0x00000000eff00000)
  from space 43520K, 57% used [0x00000000f4180000,0x00000000f59df100,0x00000000f6c00000)
  to   space 55808K, 0% used [0x00000000eff00000,0x00000000eff00000,0x00000000f3580000)
 ParOldGen       total 164352K, used 117044K [0x0000000080000000, 0x000000008a080000, 0x00000000d5580000)
  object space 164352K, 71% used [0x0000000080000000,0x000000008724d3a8,0x000000008a080000)
 Metaspace       used 91963K, capacity 96860K, committed 97072K, reserved 1132544K
  class space    used 12066K, capacity 13013K, committed 13104K, reserved 1048576K
Event: 326.135 GC heap after
Heap after GC invocations=18 (full 3):
 PSYoungGen      total 491520K, used 19400K [0x00000000d5580000, 0x00000000f8e80000, 0x0000000100000000)
  eden space 435712K, 0% used [0x00000000d5580000,0x00000000d5580000,0x00000000eff00000)
  from space 55808K, 34% used [0x00000000eff00000,0x00000000f11f23d0,0x00000000f3580000)
  to   space 53248K, 0% used [0x00000000f5a80000,0x00000000f5a80000,0x00000000f8e80000)
 ParOldGen       total 164352K, used 117052K [0x0000000080000000, 0x000000008a080000, 0x00000000d5580000)
  object space 164352K, 71% used [0x0000000080000000,0x000000008724f3a8,0x000000008a080000)
 Metaspace       used 91963K, capacity 96860K, committed 97072K, reserved 1132544K
  class space    used 12066K, capacity 13013K, committed 13104K, reserved 1048576K
}
Event: 944.515 GC heap before
{Heap before GC invocations=19 (full 3):
 PSYoungGen      total 491520K, used 455112K [0x00000000d5580000, 0x00000000f8e80000, 0x0000000100000000)
  eden space 435712K, 100% used [0x00000000d5580000,0x00000000eff00000,0x00000000eff00000)
  from space 55808K, 34% used [0x00000000eff00000,0x00000000f11f23d0,0x00000000f3580000)
  to   space 53248K, 0% used [0x00000000f5a80000,0x00000000f5a80000,0x00000000f8e80000)
 ParOldGen       total 164352K, used 117052K [0x0000000080000000, 0x000000008a080000, 0x00000000d5580000)
  object space 164352K, 71% used [0x0000000080000000,0x000000008724f3a8,0x000000008a080000)
 Metaspace       used 92628K, capacity 97696K, committed 97840K, reserved 1134592K
  class space    used 12100K, capacity 13073K, committed 13104K, reserved 1048576K
Event: 944.554 GC heap after
Heap after GC invocations=19 (full 3):
 PSYoungGen      total 431616K, used 12782K [0x00000000d5580000, 0x00000000f6700000, 0x0000000100000000)
  eden space 418816K, 0% used [0x00000000d5580000,0x00000000d5580000,0x00000000eee80000)
  from space 12800K, 99% used [0x00000000f5a80000,0x00000000f66fb860,0x00000000f6700000)
  to   space 51712K, 0% used [0x00000000f0200000,0x00000000f0200000,0x00000000f3480000)
 ParOldGen       total 164352K, used 117060K [0x0000000080000000, 0x000000008a080000, 0x00000000d5580000)
  object space 164352K, 71% used [0x0000000080000000,0x00000000872513a8,0x000000008a080000)
 Metaspace       used 92628K, capacity 97696K, committed 97840K, reserved 1134592K
  class space    used 12100K, capacity 13073K, committed 13104K, reserved 1048576K
}
Event: 945.305 GC heap before
{Heap before GC invocations=20 (full 3):
 PSYoungGen      total 431616K, used 47724K [0x00000000d5580000, 0x00000000f6700000, 0x0000000100000000)
  eden space 418816K, 8% used [0x00000000d5580000,0x00000000d779f8c8,0x00000000eee80000)
  from space 12800K, 99% used [0x00000000f5a80000,0x00000000f66fb860,0x00000000f6700000)
  to   space 51712K, 0% used [0x00000000f0200000,0x00000000f0200000,0x00000000f3480000)
 ParOldGen       total 164352K, used 117060K [0x0000000080000000, 0x000000008a080000, 0x00000000d5580000)
  object space 164352K, 71% used [0x0000000080000000,0x00000000872513a8,0x000000008a080000)
 Metaspace       used 93424K, capacity 98484K, committed 98600K, reserved 1134592K
  class space    used 12192K, capacity 13143K, committed 13232K, reserved 1048576K
Event: 945.329 GC heap after
Heap after GC invocations=20 (full 3):
 PSYoungGen      total 490496K, used 22682K [0x00000000d5580000, 0x00000000f7200000, 0x0000000100000000)
  eden space 438784K, 0% used [0x00000000d5580000,0x00000000d5580000,0x00000000f0200000)
  from space 51712K, 43% used [0x00000000f0200000,0x00000000f1826ae0,0x00000000f3480000)
  to   space 49152K, 0% used [0x00000000f4200000,0x00000000f4200000,0x00000000f7200000)
 ParOldGen       total 164352K, used 117068K [0x0000000080000000, 0x000000008a080000, 0x00000000d5580000)
  object space 164352K, 71% used [0x0000000080000000,0x00000000872533a8,0x000000008a080000)
 Metaspace       used 93424K, capacity 98484K, committed 98600K, reserved 1134592K
  class space    used 12192K, capacity 13143K, committed 13232K, reserved 1048576K
}
Event: 945.329 GC heap before
{Heap before GC invocations=21 (full 4):
 PSYoungGen      total 490496K, used 22682K [0x00000000d5580000, 0x00000000f7200000, 0x0000000100000000)
  eden space 438784K, 0% used [0x00000000d5580000,0x00000000d5580000,0x00000000f0200000)
  from space 51712K, 43% used [0x00000000f0200000,0x00000000f1826ae0,0x00000000f3480000)
  to   space 49152K, 0% used [0x00000000f4200000,0x00000000f4200000,0x00000000f7200000)
 ParOldGen       total 164352K, used 117068K [0x0000000080000000, 0x000000008a080000, 0x00000000d5580000)
  object space 164352K, 71% used [0x0000000080000000,0x00000000872533a8,0x000000008a080000)
 Metaspace       used 93424K, capacity 98484K, committed 98600K, reserved 1134592K
  class space    used 12192K, capacity 13143K, committed 13232K, reserved 1048576K
Event: 945.766 GC heap after
Heap after GC invocations=21 (full 4):
 PSYoungGen      total 490496K, used 0K [0x00000000d5580000, 0x00000000f7200000, 0x0000000100000000)
  eden space 438784K, 0% used [0x00000000d5580000,0x00000000d5580000,0x00000000f0200000)
  from space 51712K, 0% used [0x00000000f0200000,0x00000000f0200000,0x00000000f3480000)
  to   space 49152K, 0% used [0x00000000f4200000,0x00000000f4200000,0x00000000f7200000)
 ParOldGen       total 282112K, used 82486K [0x0000000080000000, 0x0000000091380000, 0x00000000d5580000)
  object space 282112K, 29% used [0x0000000080000000,0x000000008508db58,0x0000000091380000)
 Metaspace       used 92522K, capacity 97134K, committed 98600K, reserved 1134592K
  class space    used 12079K, capacity 12939K, committed 13232K, reserved 1048576K
}
Event: 1336.357 GC heap before
{Heap before GC invocations=22 (full 4):
 PSYoungGen      total 490496K, used 438784K [0x00000000d5580000, 0x00000000f7200000, 0x0000000100000000)
  eden space 438784K, 100% used [0x00000000d5580000,0x00000000f0200000,0x00000000f0200000)
  from space 51712K, 0% used [0x00000000f0200000,0x00000000f0200000,0x00000000f3480000)
  to   space 49152K, 0% used [0x00000000f4200000,0x00000000f4200000,0x00000000f7200000)
 ParOldGen       total 282112K, used 82486K [0x0000000080000000, 0x0000000091380000, 0x00000000d5580000)
  object space 282112K, 29% used [0x0000000080000000,0x000000008508db58,0x0000000091380000)
 Metaspace       used 93303K, capacity 97970K, committed 98600K, reserved 1134592K
  class space    used 12145K, capacity 13035K, committed 13232K, reserved 1048576K
Event: 1336.395 GC heap after
Heap after GC invocations=22 (full 4):
 PSYoungGen      total 505856K, used 14760K [0x00000000d5580000, 0x00000000f8400000, 0x0000000100000000)
  eden space 456704K, 0% used [0x00000000d5580000,0x00000000d5580000,0x00000000f1380000)
  from space 49152K, 30% used [0x00000000f4200000,0x00000000f506a1c8,0x00000000f7200000)
  to   space 47616K, 0% used [0x00000000f1380000,0x00000000f1380000,0x00000000f4200000)
 ParOldGen       total 282112K, used 82494K [0x0000000080000000, 0x0000000091380000, 0x00000000d5580000)
  object space 282112K, 29% used [0x0000000080000000,0x000000008508fb58,0x0000000091380000)
 Metaspace       used 93303K, capacity 97970K, committed 98600K, reserved 1134592K
  class space    used 12145K, capacity 13035K, committed 13232K, reserved 1048576K
}

